\BOOKMARK [0][-]{section*.1}{\376\377\000D\000e\000d\000i\000c\000a\000t\000i\000o\000n}{}% 1
\BOOKMARK [0][-]{section*.2}{\376\377\000A\000c\000k\000n\000o\000w\000l\000e\000d\000g\000m\000e\000n\000t\000s}{}% 2
\BOOKMARK [0][-]{section*.3}{\376\377\000l\000i\000s\000t\000\040\000o\000f\000\040\000f\000i\000g\000u\000r\000e\000s}{}% 3
\BOOKMARK [0][-]{section*.4}{\376\377\000l\000i\000s\000t\000\040\000o\000f\000\040\000t\000a\000b\000l\000e\000s}{}% 4
\BOOKMARK [0][-]{section*.5}{\376\377\000L\000i\000s\000t\000\040\000o\000f\000\040\000A\000c\000r\000o\000n\000y\000m\000s}{}% 5
\BOOKMARK [0][-]{section*.7}{\376\377\000G\000e\000n\000e\000r\000a\000l\000\040\000I\000n\000t\000r\000o\000d\000u\000c\000t\000i\000o\000n}{}% 6
\BOOKMARK [0][-]{chapter.1}{\376\377\000G\000e\000n\000e\000r\000a\000l\000\040\000C\000o\000n\000t\000e\000x\000t}{}% 7
\BOOKMARK [1][-]{section*.8}{\376\377\000I\000n\000t\000r\000o\000d\000u\000c\000t\000i\000o\000n}{chapter.1}% 8
\BOOKMARK [1][-]{section.1.1}{\376\377\000P\000r\000e\000s\000e\000n\000t\000a\000t\000i\000o\000n\000\040\000o\000f\000\040\000t\000h\000e\000\040\000H\000o\000s\000t\000\040\000O\000r\000g\000a\000n\000i\000z\000a\000t\000i\000o\000n}{chapter.1}% 9
\BOOKMARK [2][-]{subsection.1.1.1}{\376\377\000O\000v\000e\000r\000v\000i\000e\000w}{section.1.1}% 10
\BOOKMARK [2][-]{subsection.1.1.2}{\376\377\000F\000i\000e\000l\000d\000s\000\040\000o\000f\000\040\000A\000c\000t\000i\000v\000i\000t\000y}{section.1.1}% 11
\BOOKMARK [2][-]{subsection.1.1.3}{\376\377\000M\000i\000s\000s\000i\000o\000n}{section.1.1}% 12
\BOOKMARK [2][-]{subsection.1.1.4}{\376\377\000O\000r\000g\000a\000n\000i\000z\000a\000t\000i\000o\000n\000a\000l\000\040\000S\000t\000r\000u\000c\000t\000u\000r\000e}{section.1.1}% 13
\BOOKMARK [1][-]{section.1.2}{\376\377\000P\000r\000o\000b\000l\000e\000m\000\040\000S\000t\000a\000t\000e\000m\000e\000n\000t}{chapter.1}% 14
\BOOKMARK [1][-]{section.1.3}{\376\377\000S\000t\000u\000d\000y\000\040\000o\000f\000\040\000E\000x\000i\000s\000t\000i\000n\000g\000\040\000S\000o\000l\000u\000t\000i\000o\000n\000s}{chapter.1}% 15
\BOOKMARK [2][-]{subsection.1.3.1}{\376\377\000A\000n\000a\000l\000y\000s\000i\000s\000\040\000o\000f\000\040\000E\000x\000i\000s\000t\000i\000n\000g\000\040\000S\000o\000l\000u\000t\000i\000o\000n\000s}{section.1.3}% 16
\BOOKMARK [3][-]{subsubsection.1.3.1.1}{\376\377\000A\000m\000w\000e\000l\000l}{subsection.1.3.1}% 17
\BOOKMARK [3][-]{subsubsection.1.3.1.2}{\376\377\000N\000H\000S\000\040\000A\000p\000p}{subsection.1.3.1}% 18
\BOOKMARK [3][-]{subsubsection.1.3.1.3}{\376\377\000M\000e\000d\000i\000s\000a\000f\000e}{subsection.1.3.1}% 19
\BOOKMARK [3][-]{subsubsection.1.3.1.4}{\376\377\000D\000o\000c\000t\000o\000l\000i\000b}{subsection.1.3.1}% 20
\BOOKMARK [2][-]{subsection.1.3.2}{\376\377\000C\000r\000i\000t\000i\000q\000u\000e\000\040\000o\000f\000\040\000E\000x\000i\000s\000t\000i\000n\000g\000\040\000S\000o\000l\000u\000t\000i\000o\000n\000s}{section.1.3}% 21
\BOOKMARK [2][-]{subsection.1.3.3}{\376\377\000C\000o\000m\000p\000a\000r\000a\000t\000i\000v\000e\000\040\000S\000t\000u\000d\000y}{section.1.3}% 22
\BOOKMARK [1][-]{section.1.4}{\376\377\000P\000r\000o\000p\000o\000s\000e\000d\000\040\000S\000o\000l\000u\000t\000i\000o\000n}{chapter.1}% 23
\BOOKMARK [1][-]{section.1.5}{\376\377\000R\000e\000q\000u\000i\000r\000e\000m\000e\000n\000t\000s\000\040\000A\000n\000a\000l\000y\000s\000i\000s\000\040\000a\000n\000d\000\040\000S\000p\000e\000c\000i\000f\000i\000c\000a\000t\000i\000o\000n}{chapter.1}% 24
\BOOKMARK [2][-]{subsection.1.5.1}{\376\377\000A\000c\000t\000o\000r\000\040\000I\000d\000e\000n\000t\000i\000f\000i\000c\000a\000t\000i\000o\000n}{section.1.5}% 25
\BOOKMARK [2][-]{subsection.1.5.2}{\376\377\000F\000u\000n\000c\000t\000i\000o\000n\000a\000l\000\040\000R\000e\000q\000u\000i\000r\000e\000m\000e\000n\000t\000s}{section.1.5}% 26
\BOOKMARK [3][-]{subsubsection.1.5.2.1}{\376\377\000C\000o\000m\000m\000o\000n\000\040\000F\000u\000n\000c\000t\000i\000o\000n\000a\000l\000\040\000R\000e\000q\000u\000i\000r\000e\000m\000e\000n\000t\000s}{subsection.1.5.2}% 27
\BOOKMARK [3][-]{subsubsection.1.5.2.2}{\376\377\000P\000a\000t\000i\000e\000n\000t\000\040\000F\000u\000n\000c\000t\000i\000o\000n\000a\000l\000\040\000R\000e\000q\000u\000i\000r\000e\000m\000e\000n\000t\000s}{subsection.1.5.2}% 28
\BOOKMARK [3][-]{subsubsection.1.5.2.3}{\376\377\000D\000o\000c\000t\000o\000r\000\040\000F\000u\000n\000c\000t\000i\000o\000n\000a\000l\000\040\000R\000e\000q\000u\000i\000r\000e\000m\000e\000n\000t\000s}{subsection.1.5.2}% 29
\BOOKMARK [3][-]{subsubsection.1.5.2.4}{\376\377\000A\000d\000m\000i\000n\000i\000s\000t\000r\000a\000t\000o\000r\000\040\000F\000u\000n\000c\000t\000i\000o\000n\000a\000l\000\040\000R\000e\000q\000u\000i\000r\000e\000m\000e\000n\000t\000s}{subsection.1.5.2}% 30
\BOOKMARK [2][-]{subsection.1.5.3}{\376\377\000N\000o\000n\000\040\000F\000u\000n\000c\000t\000i\000o\000n\000a\000l\000\040\000R\000e\000q\000u\000i\000r\000e\000m\000e\000n\000t\000s}{section.1.5}% 31
\BOOKMARK [1][-]{section.1.6}{\376\377\000W\000o\000r\000k\000\040\000M\000e\000t\000h\000o\000d\000o\000l\000o\000g\000y}{chapter.1}% 32
\BOOKMARK [2][-]{subsection.1.6.1}{\376\377\000A\000g\000i\000l\000e\000\040\000M\000e\000t\000h\000o\000d\000o\000l\000o\000g\000y}{section.1.6}% 33
\BOOKMARK [2][-]{subsection.1.6.2}{\376\377\000P\000r\000o\000d\000u\000c\000t\000\040\000B\000a\000c\000k\000l\000o\000g}{section.1.6}% 34
\BOOKMARK [1][-]{section.1.7}{\376\377\000P\000l\000a\000n\000n\000i\000n\000g}{chapter.1}% 35
\BOOKMARK [2][-]{subsection.1.7.1}{\376\377\000S\000p\000r\000i\000n\000t\000\040\000P\000l\000a\000n\000n\000i\000n\000g}{section.1.7}% 36
\BOOKMARK [2][-]{subsection.1.7.2}{\376\377\000G\000a\000n\000t\000t\000\040\000C\000h\000a\000r\000t}{section.1.7}% 37
\BOOKMARK [1][-]{section*.19}{\376\377\000C\000o\000n\000c\000l\000u\000s\000i\000o\000n}{chapter.1}% 38
\BOOKMARK [0][-]{chapter.2}{\376\377\000C\000o\000n\000c\000e\000p\000t\000u\000a\000l\000\040\000D\000e\000s\000i\000g\000n}{}% 39
\BOOKMARK [1][-]{section*.20}{\376\377\000I\000n\000t\000r\000o\000d\000u\000c\000t\000i\000o\000n}{chapter.2}% 40
\BOOKMARK [1][-]{section.2.1}{\376\377\000U\000M\000L\000\040\000D\000e\000f\000i\000n\000i\000t\000i\000o\000n}{chapter.2}% 41
\BOOKMARK [1][-]{section.2.2}{\376\377\000U\000s\000e\000\040\000C\000a\000s\000e\000\040\000D\000i\000a\000g\000r\000a\000m\000s}{chapter.2}% 42
\BOOKMARK [2][-]{subsection.2.2.1}{\376\377\000G\000e\000n\000e\000r\000a\000l\000\040\000U\000s\000e\000\040\000C\000a\000s\000e\000\040\000D\000i\000a\000g\000r\000a\000m}{section.2.2}% 43
\BOOKMARK [2][-]{subsection.2.2.2}{\376\377\000R\000e\000f\000i\000n\000e\000d\000\040\000U\000s\000e\000\040\000C\000a\000s\000e\000\040\000D\000i\000a\000g\000r\000a\000m\000s}{section.2.2}% 44
\BOOKMARK [3][-]{subsubsection.2.2.2.1}{\376\377\000M\000a\000n\000a\000g\000e\000\040\000P\000a\000t\000i\000e\000n\000t\000\040\000P\000r\000o\000f\000i\000l\000e}{subsection.2.2.2}% 45
\BOOKMARK [3][-]{subsubsection.2.2.2.2}{\376\377\000C\000o\000n\000s\000u\000l\000t\000\040\000P\000a\000t\000i\000e\000n\000t\000\040\000D\000a\000s\000h\000b\000o\000a\000r\000d}{subsection.2.2.2}% 46
\BOOKMARK [3][-]{subsubsection.2.2.2.3}{\376\377\000C\000o\000n\000s\000u\000l\000t\000\040\000D\000o\000c\000t\000o\000r\000\040\000D\000a\000s\000h\000b\000o\000a\000r\000d}{subsection.2.2.2}% 47
\BOOKMARK [3][-]{subsubsection.2.2.2.4}{\376\377\000M\000a\000n\000a\000g\000e\000\040\000D\000o\000c\000t\000o\000r\000\040\000P\000r\000o\000f\000i\000l\000e}{subsection.2.2.2}% 48
\BOOKMARK [3][-]{subsubsection.2.2.2.5}{\376\377\000M\000a\000n\000a\000g\000e\000\040\000D\000o\000c\000t\000o\000r\000s}{subsection.2.2.2}% 49
\BOOKMARK [3][-]{subsubsection.2.2.2.6}{\376\377\000M\000a\000n\000a\000g\000e\000\040\000P\000a\000t\000i\000e\000n\000t\000s}{subsection.2.2.2}% 50
\BOOKMARK [1][-]{section.2.3}{\376\377\000C\000l\000a\000s\000s\000\040\000D\000i\000a\000g\000r\000a\000m}{chapter.2}% 51
\BOOKMARK [1][-]{section.2.4}{\376\377\000S\000e\000q\000u\000e\000n\000c\000e\000\040\000D\000i\000a\000g\000r\000a\000m\000s}{chapter.2}% 52
\BOOKMARK [2][-]{subsection.2.4.1}{\376\377\000A\000u\000t\000h\000e\000n\000t\000i\000c\000a\000t\000i\000o\000n\000\040\000S\000e\000q\000u\000e\000n\000c\000e\000\040\000D\000i\000a\000g\000r\000a\000m}{section.2.4}% 53
\BOOKMARK [2][-]{subsection.2.4.2}{\376\377\000A\000I\000\040\000S\000y\000m\000p\000t\000o\000m\000\040\000T\000r\000i\000a\000g\000e\000\040\000S\000e\000q\000u\000e\000n\000c\000e\000\040\000D\000i\000a\000g\000r\000a\000m}{section.2.4}% 54
\BOOKMARK [2][-]{subsection.2.4.3}{\376\377\000A\000I\000\040\000C\000l\000i\000n\000i\000c\000a\000l\000\040\000D\000i\000a\000g\000n\000o\000s\000t\000i\000c\000\040\000A\000s\000s\000i\000s\000t\000a\000n\000c\000e\000\040\000S\000e\000q\000u\000e\000n\000c\000e\000\040\000D\000i\000a\000g\000r\000a\000m}{section.2.4}% 55
\BOOKMARK [2][-]{subsection.2.4.4}{\376\377\000L\000o\000g\000i\000n\000\040\000A\000n\000o\000m\000a\000l\000y\000\040\000D\000e\000t\000e\000c\000t\000i\000o\000n\000\040\000S\000e\000q\000u\000e\000n\000c\000e\000\040\000D\000i\000a\000g\000r\000a\000m}{section.2.4}% 56
\BOOKMARK [1][-]{section.2.5}{\376\377\000A\000c\000t\000i\000v\000i\000t\000y\000\040\000D\000i\000a\000g\000r\000a\000m\000s}{chapter.2}% 57
\BOOKMARK [2][-]{subsection.2.5.1}{\376\377\000A\000u\000t\000h\000e\000n\000t\000i\000c\000a\000t\000i\000o\000n\000\040\000A\000c\000t\000i\000v\000i\000t\000y\000\040\000D\000i\000a\000g\000r\000a\000m}{section.2.5}% 58
\BOOKMARK [2][-]{subsection.2.5.2}{\376\377\000R\000e\000g\000i\000s\000t\000r\000a\000t\000i\000o\000n\000\040\000A\000c\000t\000i\000v\000i\000t\000y\000\040\000D\000i\000a\000g\000r\000a\000m}{section.2.5}% 59
\BOOKMARK [2][-]{subsection.2.5.3}{\376\377\000A\000p\000p\000o\000i\000n\000t\000m\000e\000n\000t\000\040\000B\000o\000o\000k\000i\000n\000g\000\040\000A\000c\000t\000i\000v\000i\000t\000y\000\040\000D\000i\000a\000g\000r\000a\000m}{section.2.5}% 60
\BOOKMARK [2][-]{subsection.2.5.4}{\376\377\000A\000I\000\040\000S\000y\000m\000p\000t\000o\000m\000\040\000T\000r\000i\000a\000g\000e\000\040\000A\000c\000t\000i\000v\000i\000t\000y\000\040\000D\000i\000a\000g\000r\000a\000m}{section.2.5}% 61
\BOOKMARK [2][-]{subsection.2.5.5}{\376\377\000P\000R\000I\000\040\000C\000o\000m\000p\000u\000t\000a\000t\000i\000o\000n\000\040\000A\000c\000t\000i\000v\000i\000t\000y\000\040\000D\000i\000a\000g\000r\000a\000m}{section.2.5}% 62
\BOOKMARK [1][-]{section.2.6}{\376\377\000A\000I\000\040\000M\000o\000d\000u\000l\000e\000\040\000A\000r\000c\000h\000i\000t\000e\000c\000t\000u\000r\000e}{chapter.2}% 63
\BOOKMARK [1][-]{section*.44}{\376\377\000C\000o\000n\000c\000l\000u\000s\000i\000o\000n}{chapter.2}% 64
\BOOKMARK [0][-]{chapter.3}{\376\377\000I\000m\000p\000l\000e\000m\000e\000n\000t\000a\000t\000i\000o\000n}{}% 65
\BOOKMARK [1][-]{section*.45}{\376\377\000I\000n\000t\000r\000o\000d\000u\000c\000t\000i\000o\000n}{chapter.3}% 66
\BOOKMARK [1][-]{section.3.1}{\376\377\000S\000y\000s\000t\000e\000m\000\040\000A\000r\000c\000h\000i\000t\000e\000c\000t\000u\000r\000e}{chapter.3}% 67
\BOOKMARK [1][-]{section.3.2}{\376\377\000T\000e\000c\000h\000n\000o\000l\000o\000g\000i\000e\000s\000\040\000U\000s\000e\000d}{chapter.3}% 68
\BOOKMARK [2][-]{subsection.3.2.1}{\376\377\000D\000e\000v\000e\000l\000o\000p\000m\000e\000n\000t\000\040\000T\000o\000o\000l\000s}{section.3.2}% 69
\BOOKMARK [3][-]{subsubsection.3.2.1.1}{\376\377\000V\000i\000s\000u\000a\000l\000\040\000S\000t\000u\000d\000i\000o\000\040\000C\000o\000d\000e}{subsection.3.2.1}% 70
\BOOKMARK [3][-]{subsubsection.3.2.1.2}{\376\377\000A\000n\000d\000r\000o\000i\000d\000\040\000S\000t\000u\000d\000i\000o}{subsection.3.2.1}% 71
\BOOKMARK [2][-]{subsection.3.2.2}{\376\377\000F\000r\000o\000n\000t\000e\000n\000d\000\040\000T\000e\000c\000h\000n\000o\000l\000o\000g\000i\000e\000s}{section.3.2}% 72
\BOOKMARK [3][-]{subsubsection.3.2.2.1}{\376\377\000R\000e\000a\000c\000t\000\040\000N\000a\000t\000i\000v\000e}{subsection.3.2.2}% 73
\BOOKMARK [3][-]{subsubsection.3.2.2.2}{\376\377\000E\000x\000p\000o}{subsection.3.2.2}% 74
\BOOKMARK [3][-]{subsubsection.3.2.2.3}{\376\377\000V\000i\000t\000e}{subsection.3.2.2}% 75
\BOOKMARK [3][-]{subsubsection.3.2.2.4}{\376\377\000T\000a\000i\000l\000w\000i\000n\000d\000\040\000C\000S\000S}{subsection.3.2.2}% 76
\BOOKMARK [2][-]{subsection.3.2.3}{\376\377\000B\000a\000c\000k\000e\000n\000d\000\040\000T\000e\000c\000h\000n\000o\000l\000o\000g\000i\000e\000s}{section.3.2}% 77
\BOOKMARK [3][-]{subsubsection.3.2.3.1}{\376\377\000S\000u\000p\000a\000b\000a\000s\000e}{subsection.3.2.3}% 78
\BOOKMARK [3][-]{subsubsection.3.2.3.2}{\376\377\000P\000o\000s\000t\000g\000r\000e\000S\000Q\000L}{subsection.3.2.3}% 79
\BOOKMARK [3][-]{subsubsection.3.2.3.3}{\376\377\000D\000e\000n\000o}{subsection.3.2.3}% 80
\BOOKMARK [2][-]{subsection.3.2.4}{\376\377\000A\000I\000\040\000T\000e\000c\000h\000n\000o\000l\000o\000g\000i\000e\000s}{section.3.2}% 81
\BOOKMARK [3][-]{subsubsection.3.2.4.1}{\376\377\000O\000p\000e\000n\000A\000I}{subsection.3.2.4}% 82
\BOOKMARK [3][-]{subsubsection.3.2.4.2}{\376\377\000O\000p\000e\000n\000R\000o\000u\000t\000e\000r}{subsection.3.2.4}% 83
\BOOKMARK [2][-]{subsection.3.2.5}{\376\377\000S\000t\000a\000t\000e\000\040\000M\000a\000n\000a\000g\000e\000m\000e\000n\000t}{section.3.2}% 84
\BOOKMARK [3][-]{subsubsection.3.2.5.1}{\376\377\000Z\000u\000s\000t\000a\000n\000d}{subsection.3.2.5}% 85
\BOOKMARK [1][-]{section.3.3}{\376\377\000P\000r\000e\000s\000e\000n\000t\000a\000t\000i\000o\000n\000\040\000o\000f\000\040\000t\000h\000e\000\040\000M\000o\000b\000i\000l\000e\000\040\000P\000o\000r\000t\000a\000l\000:\000\040\000P\000a\000t\000i\000e\000n\000t\000\040\000S\000i\000d\000e}{chapter.3}% 86
\BOOKMARK [2][-]{subsection.3.3.1}{\376\377\000A\000u\000t\000h\000e\000n\000t\000i\000c\000a\000t\000i\000o\000n\000\040\000a\000n\000d\000\040\000O\000n\000b\000o\000a\000r\000d\000i\000n\000g}{section.3.3}% 87
\BOOKMARK [2][-]{subsection.3.3.2}{\376\377\000P\000a\000t\000i\000e\000n\000t\000\040\000H\000o\000m\000e\000\040\000D\000a\000s\000h\000b\000o\000a\000r\000d}{section.3.3}% 88
\BOOKMARK [2][-]{subsection.3.3.3}{\376\377\000A\000I\000\040\000S\000y\000m\000p\000t\000o\000m\000\040\000T\000r\000i\000a\000g\000e}{section.3.3}% 89
\BOOKMARK [2][-]{subsection.3.3.4}{\376\377\000A\000p\000p\000o\000i\000n\000t\000m\000e\000n\000t\000\040\000B\000o\000o\000k\000i\000n\000g}{section.3.3}% 90
\BOOKMARK [2][-]{subsection.3.3.5}{\376\377\000M\000e\000d\000i\000c\000a\000l\000\040\000R\000e\000c\000o\000r\000d}{section.3.3}% 91
\BOOKMARK [2][-]{subsection.3.3.6}{\376\377\000M\000e\000d\000i\000c\000a\000t\000i\000o\000n\000\040\000M\000a\000n\000a\000g\000e\000m\000e\000n\000t}{section.3.3}% 92
\BOOKMARK [2][-]{subsection.3.3.7}{\376\377\000L\000a\000b\000o\000r\000a\000t\000o\000r\000y\000\040\000R\000e\000s\000u\000l\000t\000s\000\040\000a\000n\000d\000\040\000T\000r\000e\000n\000d\000s}{section.3.3}% 93
\BOOKMARK [2][-]{subsection.3.3.8}{\376\377\000P\000a\000t\000i\000e\000n\000t\000\040\000R\000e\000c\000o\000v\000e\000r\000y\000\040\000I\000n\000d\000e\000x\000\040\000\050\000P\000R\000I\000\051}{section.3.3}% 94
\BOOKMARK [2][-]{subsection.3.3.9}{\376\377\000P\000r\000e\000d\000i\000c\000t\000i\000v\000e\000\040\000R\000i\000s\000k\000\040\000A\000s\000s\000e\000s\000s\000m\000e\000n\000t}{section.3.3}% 95
\BOOKMARK [2][-]{subsection.3.3.10}{\376\377\000S\000l\000e\000e\000p\000\040\000Q\000u\000a\000l\000i\000t\000y\000\040\000M\000o\000n\000i\000t\000o\000r\000i\000n\000g}{section.3.3}% 96
\BOOKMARK [2][-]{subsection.3.3.11}{\376\377\000B\000e\000h\000a\000v\000i\000o\000r\000a\000l\000\040\000H\000e\000a\000l\000t\000h\000\040\000T\000r\000a\000c\000k\000i\000n\000g}{section.3.3}% 97
\BOOKMARK [2][-]{subsection.3.3.12}{\376\377\000E\000m\000e\000r\000g\000e\000n\000c\000y\000\040\000M\000o\000d\000e}{section.3.3}% 98
\BOOKMARK [2][-]{subsection.3.3.13}{\376\377\000R\000e\000a\000l\000\040\000T\000i\000m\000e\000\040\000M\000e\000s\000s\000a\000g\000i\000n\000g}{section.3.3}% 99
\BOOKMARK [2][-]{subsection.3.3.14}{\376\377\000V\000i\000d\000e\000o\000\040\000T\000e\000l\000e\000c\000o\000n\000s\000u\000l\000t\000a\000t\000i\000o\000n}{section.3.3}% 100
\BOOKMARK [1][-]{section.3.4}{\376\377\000P\000r\000e\000s\000e\000n\000t\000a\000t\000i\000o\000n\000\040\000o\000f\000\040\000t\000h\000e\000\040\000M\000o\000b\000i\000l\000e\000\040\000P\000o\000r\000t\000a\000l\000:\000\040\000D\000o\000c\000t\000o\000r\000\040\000S\000i\000d\000e}{chapter.3}% 101
\BOOKMARK [2][-]{subsection.3.4.1}{\376\377\000D\000o\000c\000t\000o\000r\000\040\000O\000n\000b\000o\000a\000r\000d\000i\000n\000g\000\040\000a\000n\000d\000\040\000V\000e\000r\000i\000f\000i\000c\000a\000t\000i\000o\000n}{section.3.4}% 102
\BOOKMARK [2][-]{subsection.3.4.2}{\376\377\000D\000o\000c\000t\000o\000r\000\040\000H\000o\000m\000e\000\040\000D\000a\000s\000h\000b\000o\000a\000r\000d}{section.3.4}% 103
\BOOKMARK [2][-]{subsection.3.4.3}{\376\377\000P\000a\000t\000i\000e\000n\000t\000\040\000D\000e\000t\000a\000i\000l\000\040\000S\000c\000r\000e\000e\000n}{section.3.4}% 104
\BOOKMARK [2][-]{subsection.3.4.4}{\376\377\000A\000I\000\040\000C\000l\000i\000n\000i\000c\000a\000l\000\040\000N\000o\000t\000e\000s\000\040\000\050\000S\000O\000A\000P\000\051}{section.3.4}% 105
\BOOKMARK [2][-]{subsection.3.4.5}{\376\377\000A\000I\000\040\000D\000i\000f\000f\000e\000r\000e\000n\000t\000i\000a\000l\000\040\000D\000i\000a\000g\000n\000o\000s\000i\000s}{section.3.4}% 106
\BOOKMARK [2][-]{subsection.3.4.6}{\376\377\000O\000R\000I\000O\000N\000:\000\040\000A\000I\000\040\000C\000l\000i\000n\000i\000c\000a\000l\000\040\000A\000s\000s\000i\000s\000t\000a\000n\000t}{section.3.4}% 107
\BOOKMARK [2][-]{subsection.3.4.7}{\376\377\000R\000i\000s\000k\000\040\000R\000a\000d\000a\000r}{section.3.4}% 108
\BOOKMARK [2][-]{subsection.3.4.8}{\376\377\000V\000o\000i\000c\000e\000\040\000S\000c\000r\000i\000b\000e}{section.3.4}% 109
\BOOKMARK [2][-]{subsection.3.4.9}{\376\377\000P\000r\000e\000s\000c\000r\000i\000p\000t\000i\000o\000n\000\040\000a\000n\000d\000\040\000L\000a\000b\000o\000r\000a\000t\000o\000r\000y\000\040\000M\000a\000n\000a\000g\000e\000m\000e\000n\000t}{section.3.4}% 110
\BOOKMARK [1][-]{section.3.5}{\376\377\000P\000r\000e\000s\000e\000n\000t\000a\000t\000i\000o\000n\000\040\000o\000f\000\040\000t\000h\000e\000\040\000W\000e\000b\000\040\000A\000d\000m\000i\000n\000i\000s\000t\000r\000a\000t\000i\000o\000n\000\040\000D\000a\000s\000h\000b\000o\000a\000r\000d}{chapter.3}% 111
\BOOKMARK [2][-]{subsection.3.5.1}{\376\377\000M\000a\000i\000n\000\040\000D\000a\000s\000h\000b\000o\000a\000r\000d}{section.3.5}% 112
\BOOKMARK [2][-]{subsection.3.5.2}{\376\377\000D\000o\000c\000t\000o\000r\000\040\000M\000a\000n\000a\000g\000e\000m\000e\000n\000t}{section.3.5}% 113
\BOOKMARK [2][-]{subsection.3.5.3}{\376\377\000P\000a\000t\000i\000e\000n\000t\000\040\000M\000a\000n\000a\000g\000e\000m\000e\000n\000t}{section.3.5}% 114
\BOOKMARK [2][-]{subsection.3.5.4}{\376\377\000A\000n\000a\000l\000y\000t\000i\000c\000s}{section.3.5}% 115
\BOOKMARK [1][-]{section.3.6}{\376\377\000D\000i\000f\000f\000i\000c\000u\000l\000t\000i\000e\000s\000\040\000E\000n\000c\000o\000u\000n\000t\000e\000r\000e\000d\000\040\000a\000n\000d\000\040\000S\000o\000l\000u\000t\000i\000o\000n\000s}{chapter.3}% 116
\BOOKMARK [1][-]{section*.78}{\376\377\000C\000o\000n\000c\000l\000u\000s\000i\000o\000n}{chapter.3}% 117
\BOOKMARK [1][-]{section*.79}{\376\377\000G\000e\000n\000e\000r\000a\000l\000\040\000C\000o\000n\000c\000l\000u\000s\000i\000o\000n\000\040\000a\000n\000d\000\040\000P\000e\000r\000s\000p\000e\000c\000t\000i\000v\000e\000s}{chapter.3}% 118
\BOOKMARK [0][-]{section*.80}{\376\377\000R\000e\000f\000e\000r\000e\000n\000c\000e\000s}{}% 119
